Windows PowerShell
Copyright (C) Microsoft Corporation. All rights reserved.

Install the latest PowerShell for new features and improvements! https://aka.ms/PSWindows

PS C:\Users\igor.melnyk> wsl -d Ubuntu-24.04
igormelnyk@00-ws-IMELNIYK:/mnt/c/Users/igor.melnyk$ docker ps
Command 'docker' not found, but can be installed with:
sudo snap install docker         # version 28.4.0, or
sudo apt  install docker.io      # version 29.1.3-0ubuntu3~24.04.1
sudo apt  install podman-docker  # version 4.9.3+ds1-1ubuntu0.2
See 'snap info docker' for additional versions.
igormelnyk@00-ws-IMELNIYK:/mnt/c/Users/igor.melnyk$ curl -LO https://storage.googleapis.com/minikube/releases/latest/minikube-linux-amd64
sudo install minikube-linux-amd64 /usr/local/bin/minikube
  % Total    % Received % Xferd  Average Speed   Time    Time     Time  Current
                                 Dload  Upload   Total   Spent    Left  Speed
100  128M  100  128M    0     0  20.1M      0  0:00:06  0:00:06 --:--:-- 22.3M
[sudo] password for igormelnyk:
igormelnyk@00-ws-IMELNIYK:/mnt/c/Users/igor.melnyk$ minikube start --driver=docker
😄  minikube v1.38.1 on Ubuntu 24.04 (kvm/amd64)
✨  Using the docker driver based on user configuration

🤷  Exiting due to PROVIDER_DOCKER_NOT_FOUND: The 'docker' provider was not found: exec: "docker": executable file not found in $PATH
💡  Suggestion: Install Docker
📘  Documentation: https://minikube.sigs.k8s.io/docs/drivers/docker/

igormelnyk@00-ws-IMELNIYK:/mnt/c/Users/igor.melnyk$ sudo apt-get update
sudo apt-get install -y ca-certificates curl gnupg
Hit:1 http://archive.ubuntu.com/ubuntu noble InRelease
Get:2 http://security.ubuntu.com/ubuntu noble-security InRelease [126 kB]
Get:3 http://archive.ubuntu.com/ubuntu noble-updates InRelease [126 kB]
Hit:4 http://archive.ubuntu.com/ubuntu noble-backports InRelease
Get:5 http://security.ubuntu.com/ubuntu noble-security/main amd64 c-n-f Metadata [11.0 kB]
Get:6 http://archive.ubuntu.com/ubuntu noble-updates/main amd64 Packages [1918 kB]
Get:7 http://archive.ubuntu.com/ubuntu noble-updates/main amd64 c-n-f Metadata [17.1 kB]
Get:8 http://archive.ubuntu.com/ubuntu noble-updates/universe amd64 Packages [1685 kB]
Fetched 3883 kB in 1s (2600 kB/s)
Reading package lists... Done
Reading package lists... Done
Building dependency tree... Done
Reading state information... Done
ca-certificates is already the newest version (20240203).
ca-certificates set to manually installed.
curl is already the newest version (8.5.0-2ubuntu10.8).
curl set to manually installed.
gnupg is already the newest version (2.4.4-2ubuntu17.4).
gnupg set to manually installed.
0 upgraded, 0 newly installed, 0 to remove and 36 not upgraded.
igormelnyk@00-ws-IMELNIYK:/mnt/c/Users/igor.melnyk$ sudo install -m 0755 -d /etc/apt/keyrings
curl -fsSL https://download.docker.com/linux/ubuntu/gpg | sudo gpg --dearmor -o /etc/apt/keyrings/docker.gpg
sudo chmod a+r /etc/apt/keyrings/docker.gpg
igormelnyk@00-ws-IMELNIYK:/mnt/c/Users/igor.melnyk$ echo \
  "deb [arch=$(dpkg --print-architecture) signed-by=/etc/apt/keyrings/docker.gpg] https://download.docker.com/linux/ubuntu \
  $(. /etc/os-release && echo "$VERSION_CODENAME") stable" | \
  sudo tee /etc/apt/sources.list.d/docker.list > /dev/null
igormelnyk@00-ws-IMELNIYK:/mnt/c/Users/igor.melnyk$ sudo apt-get update
sudo apt-get install -y docker-ce docker-ce-cli containerd.io docker-buildx-plugin docker-compose-plugin
Hit:1 http://security.ubuntu.com/ubuntu noble-security InRelease
Hit:2 http://archive.ubuntu.com/ubuntu noble InRelease
Hit:3 http://archive.ubuntu.com/ubuntu noble-updates InRelease
Hit:4 http://archive.ubuntu.com/ubuntu noble-backports InRelease
Get:5 https://download.docker.com/linux/ubuntu noble InRelease [48.5 kB]
Get:6 https://download.docker.com/linux/ubuntu noble/stable amd64 Packages [51.4 kB]
Fetched 99.9 kB in 1s (111 kB/s)
Reading package lists... Done
Reading package lists... Done
Building dependency tree... Done
Reading state information... Done
The following additional packages will be installed:
  docker-ce-rootless-extras iptables libip4tc2 libip6tc2 libnetfilter-conntrack3 libnfnetlink0 libnftables1 libnftnl11
  libslirp0 nftables pigz slirp4netns
Suggested packages:
  cgroupfs-mount | cgroup-lite docker-model-plugin firewalld
The following NEW packages will be installed:
  containerd.io docker-buildx-plugin docker-ce docker-ce-cli docker-ce-rootless-extras docker-compose-plugin iptables
  libip4tc2 libip6tc2 libnetfilter-conntrack3 libnfnetlink0 libnftables1 libnftnl11 libslirp0 nftables pigz
  slirp4netns
0 upgraded, 17 newly installed, 0 to remove and 36 not upgraded.
Need to get 95.9 MB of archives.
After this operation, 369 MB of additional disk space will be used.
Get:1 https://download.docker.com/linux/ubuntu noble/stable amd64 containerd.io amd64 2.2.3-1~ubuntu.24.04~noble [23.6 MB]
Get:2 http://archive.ubuntu.com/ubuntu noble/main amd64 libip4tc2 amd64 1.8.10-3ubuntu2 [23.3 kB]
Get:3 http://archive.ubuntu.com/ubuntu noble/main amd64 libip6tc2 amd64 1.8.10-3ubuntu2 [23.7 kB]
Get:4 http://archive.ubuntu.com/ubuntu noble/main amd64 libnfnetlink0 amd64 1.0.2-2build1 [14.8 kB]
Get:5 http://archive.ubuntu.com/ubuntu noble/main amd64 libnetfilter-conntrack3 amd64 1.0.9-6build1 [45.2 kB]
Get:6 http://archive.ubuntu.com/ubuntu noble/main amd64 libnftnl11 amd64 1.2.6-2build1 [66.0 kB]
Get:7 http://archive.ubuntu.com/ubuntu noble/main amd64 iptables amd64 1.8.10-3ubuntu2 [381 kB]
Get:8 http://archive.ubuntu.com/ubuntu noble-updates/main amd64 libnftables1 amd64 1.0.9-1ubuntu0.1 [359 kB]
Get:9 http://archive.ubuntu.com/ubuntu noble-updates/main amd64 nftables amd64 1.0.9-1ubuntu0.1 [69.8 kB]
Get:10 http://archive.ubuntu.com/ubuntu noble/universe amd64 pigz amd64 2.8-1 [65.6 kB]
Get:11 http://archive.ubuntu.com/ubuntu noble/main amd64 libslirp0 amd64 4.7.0-1ubuntu3 [63.8 kB]
Get:12 http://archive.ubuntu.com/ubuntu noble/universe amd64 slirp4netns amd64 1.2.1-1build2 [34.9 kB]
Get:13 https://download.docker.com/linux/ubuntu noble/stable amd64 docker-ce-cli amd64 5:29.4.1-1~ubuntu.24.04~noble [17.0 MB]
Get:14 https://download.docker.com/linux/ubuntu noble/stable amd64 docker-ce amd64 5:29.4.1-1~ubuntu.24.04~noble [22.7 MB]
Get:15 https://download.docker.com/linux/ubuntu noble/stable amd64 docker-buildx-plugin amd64 0.33.0-1~ubuntu.24.04~noble [16.9 MB]
Get:16 https://download.docker.com/linux/ubuntu noble/stable amd64 docker-ce-rootless-extras amd64 5:29.4.1-1~ubuntu.24.04~noble [6559 kB]
Get:17 https://download.docker.com/linux/ubuntu noble/stable amd64 docker-compose-plugin amd64 5.1.3-1~ubuntu.24.04~noble [8023 kB]
Fetched 95.9 MB in 2s (55.6 MB/s)
Selecting previously unselected package containerd.io.
(Reading database ... 78886 files and directories currently installed.)
Preparing to unpack .../00-containerd.io_2.2.3-1~ubuntu.24.04~noble_amd64.deb ...
Unpacking containerd.io (2.2.3-1~ubuntu.24.04~noble) ...
Selecting previously unselected package docker-ce-cli.
Preparing to unpack .../01-docker-ce-cli_5%3a29.4.1-1~ubuntu.24.04~noble_amd64.deb ...
Unpacking docker-ce-cli (5:29.4.1-1~ubuntu.24.04~noble) ...
Selecting previously unselected package libip4tc2:amd64.
Preparing to unpack .../02-libip4tc2_1.8.10-3ubuntu2_amd64.deb ...
Unpacking libip4tc2:amd64 (1.8.10-3ubuntu2) ...
Selecting previously unselected package libip6tc2:amd64.
Preparing to unpack .../03-libip6tc2_1.8.10-3ubuntu2_amd64.deb ...
Unpacking libip6tc2:amd64 (1.8.10-3ubuntu2) ...
Selecting previously unselected package libnfnetlink0:amd64.
Preparing to unpack .../04-libnfnetlink0_1.0.2-2build1_amd64.deb ...
Unpacking libnfnetlink0:amd64 (1.0.2-2build1) ...
Selecting previously unselected package libnetfilter-conntrack3:amd64.
Preparing to unpack .../05-libnetfilter-conntrack3_1.0.9-6build1_amd64.deb ...
Unpacking libnetfilter-conntrack3:amd64 (1.0.9-6build1) ...
Selecting previously unselected package libnftnl11:amd64.
Preparing to unpack .../06-libnftnl11_1.2.6-2build1_amd64.deb ...
Unpacking libnftnl11:amd64 (1.2.6-2build1) ...
Selecting previously unselected package iptables.
Preparing to unpack .../07-iptables_1.8.10-3ubuntu2_amd64.deb ...
Unpacking iptables (1.8.10-3ubuntu2) ...
Selecting previously unselected package libnftables1:amd64.
Preparing to unpack .../08-libnftables1_1.0.9-1ubuntu0.1_amd64.deb ...
Unpacking libnftables1:amd64 (1.0.9-1ubuntu0.1) ...
Selecting previously unselected package nftables.
Preparing to unpack .../09-nftables_1.0.9-1ubuntu0.1_amd64.deb ...
Unpacking nftables (1.0.9-1ubuntu0.1) ...
Selecting previously unselected package docker-ce.
Preparing to unpack .../10-docker-ce_5%3a29.4.1-1~ubuntu.24.04~noble_amd64.deb ...
Unpacking docker-ce (5:29.4.1-1~ubuntu.24.04~noble) ...
Selecting previously unselected package pigz.
Preparing to unpack .../11-pigz_2.8-1_amd64.deb ...
Unpacking pigz (2.8-1) ...
Selecting previously unselected package docker-buildx-plugin.
Preparing to unpack .../12-docker-buildx-plugin_0.33.0-1~ubuntu.24.04~noble_amd64.deb ...
Unpacking docker-buildx-plugin (0.33.0-1~ubuntu.24.04~noble) ...
Selecting previously unselected package docker-ce-rootless-extras.
Preparing to unpack .../13-docker-ce-rootless-extras_5%3a29.4.1-1~ubuntu.24.04~noble_amd64.deb ...
Unpacking docker-ce-rootless-extras (5:29.4.1-1~ubuntu.24.04~noble) ...
Selecting previously unselected package docker-compose-plugin.
Preparing to unpack .../14-docker-compose-plugin_5.1.3-1~ubuntu.24.04~noble_amd64.deb ...
Unpacking docker-compose-plugin (5.1.3-1~ubuntu.24.04~noble) ...
Selecting previously unselected package libslirp0:amd64.
Preparing to unpack .../15-libslirp0_4.7.0-1ubuntu3_amd64.deb ...
Unpacking libslirp0:amd64 (4.7.0-1ubuntu3) ...
Selecting previously unselected package slirp4netns.
Preparing to unpack .../16-slirp4netns_1.2.1-1build2_amd64.deb ...
Unpacking slirp4netns (1.2.1-1build2) ...
Setting up libip4tc2:amd64 (1.8.10-3ubuntu2) ...
Setting up libip6tc2:amd64 (1.8.10-3ubuntu2) ...
Setting up libnftnl11:amd64 (1.2.6-2build1) ...
Setting up docker-buildx-plugin (0.33.0-1~ubuntu.24.04~noble) ...
Setting up containerd.io (2.2.3-1~ubuntu.24.04~noble) ...
Created symlink /etc/systemd/system/multi-user.target.wants/containerd.service → /usr/lib/systemd/system/containerd.service.
Setting up docker-compose-plugin (5.1.3-1~ubuntu.24.04~noble) ...
Setting up docker-ce-cli (5:29.4.1-1~ubuntu.24.04~noble) ...
Setting up libslirp0:amd64 (4.7.0-1ubuntu3) ...
Setting up pigz (2.8-1) ...
Setting up libnfnetlink0:amd64 (1.0.2-2build1) ...
Setting up docker-ce-rootless-extras (5:29.4.1-1~ubuntu.24.04~noble) ...
Setting up libnftables1:amd64 (1.0.9-1ubuntu0.1) ...
Setting up nftables (1.0.9-1ubuntu0.1) ...
Setting up slirp4netns (1.2.1-1build2) ...
Setting up libnetfilter-conntrack3:amd64 (1.0.9-6build1) ...
Setting up iptables (1.8.10-3ubuntu2) ...
update-alternatives: using /usr/sbin/iptables-legacy to provide /usr/sbin/iptables (iptables) in auto mode
update-alternatives: using /usr/sbin/ip6tables-legacy to provide /usr/sbin/ip6tables (ip6tables) in auto mode
update-alternatives: using /usr/sbin/iptables-nft to provide /usr/sbin/iptables (iptables) in auto mode
update-alternatives: using /usr/sbin/ip6tables-nft to provide /usr/sbin/ip6tables (ip6tables) in auto mode
update-alternatives: using /usr/sbin/arptables-nft to provide /usr/sbin/arptables (arptables) in auto mode
update-alternatives: using /usr/sbin/ebtables-nft to provide /usr/sbin/ebtables (ebtables) in auto mode
Setting up docker-ce (5:29.4.1-1~ubuntu.24.04~noble) ...
Created symlink /etc/systemd/system/multi-user.target.wants/docker.service → /usr/lib/systemd/system/docker.service.
Created symlink /etc/systemd/system/sockets.target.wants/docker.socket → /usr/lib/systemd/system/docker.socket.
Processing triggers for man-db (2.12.0-4build2) ...
Processing triggers for libc-bin (2.39-0ubuntu8.7) ...
igormelnyk@00-ws-IMELNIYK:/mnt/c/Users/igor.melnyk$ sudo service docker start
igormelnyk@00-ws-IMELNIYK:/mnt/c/Users/igor.melnyk$ sudo usermod -aG docker $USER
igormelnyk@00-ws-IMELNIYK:/mnt/c/Users/igor.melnyk$\